<?xml version="1.0" encoding="UTF-8"?>
<!-- Generated by org.testng.reporters.JUnitReportReporter -->
<testsuite skipped="0" hostname="LAPTOP-7AR2TC63" name="pac.jenkins" tests="1" failures="0" timestamp="12 May 2017 08:06:24 GMT" time="33.261" errors="0">
  <testcase name="f" time="33.261" classname="pac.jenkins"/>
</testsuite> <!-- pac.jenkins -->
